<?xml version="1.0" encoding="UTF-8"?>
<testsuite time='29.079741' skipped='0' failures='0' errors='0' name="ImportsTest" assertions='7' tests='5' timestamp="2021-05-06T12:01:28-05:00">
  <testcase time='23.990371' file="test/system/imports_test.rb" name="test_Import_CSV_and_Export_CSV_match" assertions='3'>
  </testcase>
  <testcase time='0.773086' file="test/system/imports_test.rb" name="test_destroying_a_Import" assertions='1'>
  </testcase>
  <testcase time='0.349349' file="test/system/imports_test.rb" name="test_visiting_the_index" assertions='1'>
  </testcase>
  <testcase time='2.302393' file="test/system/imports_test.rb" name="test_creating_a_Import" assertions='1'>
  </testcase>
  <testcase time='1.664542' file="test/system/imports_test.rb" name="test_updating_a_Import" assertions='1'>
  </testcase>
</testsuite>
