<?xml version="1.0" encoding="UTF-8"?>
<testsuite time='4.057110' skipped='0' failures='0' errors='0' name="MappingsControllerTest" assertions='16' tests='7' timestamp="2021-05-06T12:01:28-05:00">
  <testcase time='0.528511' file="test/controllers/mappings_controller_test.rb" name="test_should_get_index" assertions='2'>
  </testcase>
  <testcase time='0.465662' file="test/controllers/mappings_controller_test.rb" name="test_should_get_new" assertions='2'>
  </testcase>
  <testcase time='0.533958' file="test/controllers/mappings_controller_test.rb" name="test_should_show_mapping" assertions='2'>
  </testcase>
  <testcase time='0.470848' file="test/controllers/mappings_controller_test.rb" name="test_should_update_mapping" assertions='2'>
  </testcase>
  <testcase time='0.597791' file="test/controllers/mappings_controller_test.rb" name="test_should_create_mapping" assertions='3'>
  </testcase>
  <testcase time='0.532607' file="test/controllers/mappings_controller_test.rb" name="test_should_destroy_mapping" assertions='3'>
  </testcase>
  <testcase time='0.927733' file="test/controllers/mappings_controller_test.rb" name="test_should_get_edit" assertions='2'>
  </testcase>
</testsuite>
