<?xml version="1.0" encoding="UTF-8"?>
<testsuite time='0.042061' skipped='0' failures='0' errors='0' name="ImportGblv1Test" assertions='25' tests='7' timestamp="2021-05-06T12:01:28-05:00">
  <testcase time='0.017943' file="test/models/import_gblv1_test.rb" name="test_methods" assertions='7'>
  </testcase>
  <testcase time='0.002256' file="test/models/import_gblv1_test.rb" name="test_default_mappings" assertions='3'>
  </testcase>
  <testcase time='0.001893' file="test/models/import_gblv1_test.rb" name="test_derived_mappings" assertions='5'>
  </testcase>
  <testcase time='0.001583' file="test/models/import_gblv1_test.rb" name="test_required_mappings" assertions='3'>
  </testcase>
  <testcase time='0.001635' file="test/models/import_gblv1_test.rb" name="test_responds_to_run" assertions='1'>
  </testcase>
  <testcase time='0.011131' file="test/models/import_gblv1_test.rb" name="test_solr_geom_mapping" assertions='3'>
  </testcase>
  <testcase time='0.005620' file="test/models/import_gblv1_test.rb" name="test_geomg_dct_references_s" assertions='3'>
  </testcase>
</testsuite>
