<?xml version="1.0" encoding="UTF-8"?>
<testsuite time='0.015878' skipped='0' failures='0' errors='0' name="BlacklightApiTest" assertions='7' tests='7' timestamp="2021-05-06T12:01:28-05:00">
  <testcase time='0.006563' file="test/models/blacklight_api_test.rb" name="test_responds_to_load_all" assertions='1'>
  </testcase>
  <testcase time='0.001506' file="test/models/blacklight_api_test.rb" name="test_responds_to_facets" assertions='1'>
  </testcase>
  <testcase time='0.001959' file="test/models/blacklight_api_test.rb" name="test_responds_to_links" assertions='1'>
  </testcase>
  <testcase time='0.001639' file="test/models/blacklight_api_test.rb" name="test_responds_to_fetch" assertions='1'>
  </testcase>
  <testcase time='0.001443' file="test/models/blacklight_api_test.rb" name="test_responds_to_meta" assertions='1'>
  </testcase>
  <testcase time='0.001407' file="test/models/blacklight_api_test.rb" name="test_responds_to_results" assertions='1'>
  </testcase>
  <testcase time='0.001361' file="test/models/blacklight_api_test.rb" name="test_responds_to_sorts" assertions='1'>
  </testcase>
</testsuite>
