<?xml version="1.0" encoding="UTF-8"?>
<testsuite time='0.912601' skipped='0' failures='0' errors='0' name="SearchResultsTest" assertions='8' tests='1' timestamp="2021-05-06T12:01:28-05:00">
  <testcase time='0.912601' file="test/system/search_results_test.rb" name="test_search_results_dom" assertions='8'>
  </testcase>
</testsuite>
