<?xml version="1.0" encoding="UTF-8"?>
<testsuite time='0.654971' skipped='0' failures='0' errors='0' name="DocumentTest" assertions='56' tests='13' timestamp="2021-05-06T12:01:28-05:00">
  <testcase time='0.032913' file="test/models/document_test.rb" name="test_responds_to_type" assertions='2'>
  </testcase>
  <testcase time='0.003116' file="test/models/document_test.rb" name="test_responds_to_B1G_attributes" assertions='35'>
  </testcase>
  <testcase time='0.003696' file="test/models/document_test.rb" name="test_responds_to_import" assertions='1'>
  </testcase>
  <testcase time='0.001438' file="test/models/document_test.rb" name="test_kithe_indexable_mapper" assertions='1'>
  </testcase>
  <testcase time='0.008087' file="test/models/document_test.rb" name="test_locn_geometry_validation" assertions='6'>
  </testcase>
  <testcase time='0.001686' file="test/models/document_test.rb" name="test_responds_to_versions" assertions='1'>
  </testcase>
  <testcase time='0.003187' file="test/models/document_test.rb" name="test_responds_to_publication_state" assertions='2'>
  </testcase>
  <testcase time='0.589599' file="test/models/document_test.rb" name="test_b1g_date_range_validation" assertions='2'>
  </testcase>
  <testcase time='0.002097' file="test/models/document_test.rb" name="test_responds_to_timestamps" assertions='2'>
  </testcase>
  <testcase time='0.001785' file="test/models/document_test.rb" name="test_responds_to_to_csv" assertions='1'>
  </testcase>
  <testcase time='0.001921' file="test/models/document_test.rb" name="test_responds_to_friendlier_id" assertions='1'>
  </testcase>
  <testcase time='0.001937' file="test/models/document_test.rb" name="test_responds_to_title" assertions='1'>
  </testcase>
  <testcase time='0.003509' file="test/models/document_test.rb" name="test_responds_to_json_attributes" assertions='1'>
  </testcase>
</testsuite>
