<?xml version="1.0" encoding="UTF-8"?>
<testsuite time='0.171721' skipped='5' failures='0' errors='0' name="DocumentHelperTest" assertions='6' tests='9' timestamp="2021-05-06T12:01:28-05:00">
  <testcase time='0.091124' file="test/helpers/document_helper_test.rb" name="test_sort_link" assertions='1'>
  </testcase>
  <testcase time='0.002086' file="test/helpers/document_helper_test.rb" name="test_link_from_api_-_facet_remove_link" assertions='0'>
    <skipped type='Minitest::Skip' message="@TODO">test/helpers/document_helper_test.rb:51:in `block in &lt;class:DocumentHelperTest&gt;&#39;
    </skipped>
  </testcase>
  <testcase time='0.004260' file="test/helpers/document_helper_test.rb" name="test_blacklight_link" assertions='2'>
  </testcase>
  <testcase time='0.001915' file="test/helpers/document_helper_test.rb" name="test_previous_link" assertions='0'>
    <skipped type='Minitest::Skip' message="@TODO">test/helpers/document_helper_test.rb:60:in `block in &lt;class:DocumentHelperTest&gt;&#39;
    </skipped>
  </testcase>
  <testcase time='0.002358' file="test/helpers/document_helper_test.rb" name="test_link_from_api_-_facet_add_link" assertions='0'>
    <skipped type='Minitest::Skip' message="@TODO">test/helpers/document_helper_test.rb:31:in `block in &lt;class:DocumentHelperTest&gt;&#39;
    </skipped>
  </testcase>
  <testcase time='0.002516' file="test/helpers/document_helper_test.rb" name="test_localize_link" assertions='1'>
  </testcase>
  <testcase time='0.001912' file="test/helpers/document_helper_test.rb" name="test_next_link_present" assertions='0'>
    <skipped type='Minitest::Skip' message="@TODO">test/helpers/document_helper_test.rb:75:in `block in &lt;class:DocumentHelperTest&gt;&#39;
    </skipped>
  </testcase>
  <testcase time='0.001926' file="test/helpers/document_helper_test.rb" name="test_publication_state_badge" assertions='0'>
    <skipped type='Minitest::Skip' message="@TODO: badge generation in test throws error: encoding: US-ASCII">test/helpers/document_helper_test.rb:111:in `block in &lt;class:DocumentHelperTest&gt;&#39;
    </skipped>
  </testcase>
  <testcase time='0.063624' file="test/helpers/document_helper_test.rb" name="test_next_link_-_not_present" assertions='2'>
  </testcase>
</testsuite>
