<?xml version="1.0" encoding="UTF-8"?>
<testsuite time='0.409033' skipped='0' failures='0' errors='0' name="BookmarksTest" assertions='1' tests='1' timestamp="2021-05-06T12:01:28-05:00">
  <testcase time='0.409033' file="test/system/bookmarks_test.rb" name="test_visiting_the_index" assertions='1'>
  </testcase>
</testsuite>
