<?xml version="1.0" encoding="UTF-8"?>
<testsuite time='0.013697' skipped='0' failures='0' errors='0' name="DocumentAccessTest" assertions='9' tests='5' timestamp="2021-05-06T12:01:28-05:00">
  <testcase time='0.002530' file="test/models/document_access_test.rb" name="test_responds_to_access_url" assertions='1'>
  </testcase>
  <testcase time='0.006592' file="test/models/document_access_test.rb" name="test_class_validations" assertions='5'>
  </testcase>
  <testcase time='0.001487' file="test/models/document_access_test.rb" name="test_responds_to_friendlier_id" assertions='1'>
  </testcase>
  <testcase time='0.001441' file="test/models/document_access_test.rb" name="test_responds_to_import" assertions='1'>
  </testcase>
  <testcase time='0.001647' file="test/models/document_access_test.rb" name="test_responds_to_institution_code" assertions='1'>
  </testcase>
</testsuite>
