<?xml version="1.0" encoding="UTF-8"?>
<testsuite time='2.723556' skipped='3' failures='0' errors='0' name="MappingsTest" assertions='1' tests='4' timestamp="2021-05-06T12:01:28-05:00">
  <testcase time='0.037923' file="test/system/mappings_test.rb" name="test_destroying_a_Mapping" assertions='0'>
    <skipped type='Minitest::Skip' message="not destroying - yet">test/system/mappings_test.rb:49:in `block in &lt;class:MappingsTest&gt;&#39;
    </skipped>
  </testcase>
  <testcase time='0.004180' file="test/system/mappings_test.rb" name="test_creating_a_Mapping" assertions='0'>
    <skipped type='Minitest::Skip' message="not mapping singular objects">test/system/mappings_test.rb:18:in `block in &lt;class:MappingsTest&gt;&#39;
    </skipped>
  </testcase>
  <testcase time='0.007326' file="test/system/mappings_test.rb" name="test_updating_a_Mapping" assertions='0'>
    <skipped type='Minitest::Skip' message="not updating like this">test/system/mappings_test.rb:33:in `block in &lt;class:MappingsTest&gt;&#39;
    </skipped>
  </testcase>
  <testcase time='2.674127' file="test/system/mappings_test.rb" name="test_visiting_the_index" assertions='1'>
  </testcase>
</testsuite>
