<?xml version="1.0" encoding="UTF-8"?>
<testsuite time='0.002566' skipped='0' failures='0' errors='0' name="Document::ControlledListsTest" assertions='14' tests='1' timestamp="2021-05-06T12:01:28-05:00">
  <testcase time='0.002566' file="test/models/document/controlled_lists_test.rb" name="test_lists_are_present" assertions='14'>
  </testcase>
</testsuite>
