<?xml version="1.0" encoding="UTF-8"?>
<testsuite time='5.145882' skipped='0' failures='0' errors='0' name="DocumentAccessesControllerTest" assertions='22' tests='10' timestamp="2021-05-06T12:01:28-05:00">
  <testcase time='0.511157' file="test/controllers/document_accesses_controller_test.rb" name="test_should_get_index" assertions='2'>
  </testcase>
  <testcase time='0.427521' file="test/controllers/document_accesses_controller_test.rb" name="test_should_destroy_document_access" assertions='3'>
  </testcase>
  <testcase time='0.605735' file="test/controllers/document_accesses_controller_test.rb" name="test_should_update_document_access" assertions='2'>
  </testcase>
  <testcase time='0.506469' file="test/controllers/document_accesses_controller_test.rb" name="test_should_get_document_import" assertions='2'>
  </testcase>
  <testcase time='0.460311' file="test/controllers/document_accesses_controller_test.rb" name="test_should_show_document_access" assertions='2'>
  </testcase>
  <testcase time='0.501274' file="test/controllers/document_accesses_controller_test.rb" name="test_should_get_edit" assertions='2'>
  </testcase>
  <testcase time='0.405060' file="test/controllers/document_accesses_controller_test.rb" name="test_should_get_import" assertions='2'>
  </testcase>
  <testcase time='0.411219' file="test/controllers/document_accesses_controller_test.rb" name="test_should_get_document_index" assertions='2'>
  </testcase>
  <testcase time='0.632318' file="test/controllers/document_accesses_controller_test.rb" name="test_should_create_document_access" assertions='3'>
  </testcase>
  <testcase time='0.684818' file="test/controllers/document_accesses_controller_test.rb" name="test_should_get_new" assertions='2'>
  </testcase>
</testsuite>
