<?xml version="1.0" encoding="UTF-8"?>
<testsuite time='0.002093' skipped='0' failures='0' errors='0' name="Document::ReferenceTest" assertions='2' tests='1' timestamp="2021-05-06T12:01:28-05:00">
  <testcase time='0.002093' file="test/models/document/reference_test.rb" name="test_ref_values_are_present" assertions='2'>
  </testcase>
</testsuite>
